srun: job 4907766 queued and waiting for resources
srun: job 4907766 has been allocated resources
slurmstepd: error: execve(): matlab: No such file or directory
srun: error: c8-34: task 0: Exited with exit code 2

                            < M A T L A B (R) >
                  Copyright 1984-2019 The MathWorks, Inc.
                  R2019a (9.6.0.1072779) 64-bit (glnxa64)
                               March 8, 2019

 
To get started, type doc.
For product information, visit www.mathworks.com.
 
>> >> >> >> >> >> >> >> >> >> >> >> >> >> >> >> >> >> >> >> >> >> >> >> >> >> >> >> >> >> >> >> >> >> >> >> >> >> >> >> >> >> >> >> >> >> >> >> >> >> >> >> >> >> >> >> >> >> >> >> >> >> >> >> >> >> >> >> >> >> >> >> >> >> >> >> >> >> >> >> >> >> >> >> >> >> >> >> >> >> >> >> >> >> >> >> >> >> >> >> Reading from /home/siyuqi/deep_learning/dsm2/matlab_c/ANN_data2.xlsx... 
Elapsed time is 65.238254 seconds.
Loaded input dataset size: 126 x 27393
Loaded output dataset size: 12 x 27393
0 station(s) not found in dataset
Found station Antioch in column #5 
Found station CCFB_OldR in column #12 
Found station CVP Intake in column #11 
Found station Collinsville in column #3 
Found station Emmaton in column #1 
Found station Jersey Point in column #2 
Found station LosVaqueros in column #7 
Found station Mallard in column #6 
Found station Martinez in column #8 
Found station MiddleRiver in column #9 
Found station Rock Slough in column #4 
Found station Vict Intake in column #10 
Selected input dataset size: 126 x 27393
Selected output dataset size: 12 x 27393
>> >> >> >> >> >> Creating output structure
Preparing output data for Antioch... 
Preparing output data for CCFB_OldR... 
Preparing output data for CVP Intake... 
Preparing output data for Collinsville... 
Preparing output data for Emmaton... 
Preparing output data for Jersey Point... 
Preparing output data for LosVaqueros... 
Preparing output data for Mallard... 
Preparing output data for Martinez... 
Preparing output data for MiddleRiver... 
Preparing output data for Rock Slough... 
Preparing output data for Vict Intake... 
Scaling output data
a: 
  8.2828e-05

b: 
    0.0870

a: 
  8.1156e-04

b: 
    0.0160

a: 
  8.3826e-04

b: 
    0.0099

a: 
  6.5379e-05

b: 
    0.0886

a: 
  1.4358e-04

b: 
    0.0760

a: 
  1.8855e-04

b: 
    0.0673

a: 
  6.4494e-04

b: 
    0.0292

a: 
  4.8980e-05

b: 
    0.0918

a: 
  3.1469e-05

b: 
    0.0941

a: 
  8.8637e-04

b: 
   -0.0049

a: 
  4.2892e-04

b: 
    0.0222

a: 
  8.1543e-04

b: 
    0.0086

>> >> >> >> >> >>   Selecting random validation data with seed 1
>> >> >> >>   Creating validation set
>> >> >> >> >> >> >> >> >> >> >>   Validation set created
>> >> >> >> >> >> Creating network for: antioch
  Training network
train mean percentage error:
   NaN

train MSE:
   NaN

test mean percentage error:
    0.0355

test MSE:
   2.2174e-04

Completed creating network for: antioch
Saved ANNmodel-antioch.mat
Creating network for: CCFB_
  Training network
train mean percentage error:
   NaN

train MSE:
   NaN

test mean percentage error:
    0.0487

test MSE:
   5.5870e-04

Completed creating network for: CCFB_
Saved ANNmodel-CCFB_.mat
Creating network for: CVP_intake
  Training network
train mean percentage error:
   NaN

train MSE:
   NaN

test mean percentage error:
    0.0479

test MSE:
   6.5773e-04

Completed creating network for: CVP_intake
Saved ANNmodel-CVP_intake.mat
Creating network for: CO
  Training network
train mean percentage error:
   NaN

train MSE:
   NaN

test mean percentage error:
    0.0530

test MSE:
   4.4933e-04

Completed creating network for: CO
Saved ANNmodel-CO.mat
Creating network for: EMM
  Training network
train mean percentage error:
   NaN

train MSE:
   NaN

test mean percentage error:
    0.0451

test MSE:
   2.7189e-04

Completed creating network for: EMM
Saved ANNmodel-EMM.mat
Creating network for: JP
  Training network
train mean percentage error:
   NaN

train MSE:
   NaN

test mean percentage error:
    0.0631

test MSE:
   5.1145e-04

Completed creating network for: JP
Saved ANNmodel-JP.mat
Creating network for: LosVaqueros
  Training network
train mean percentage error:
   NaN

train MSE:
   NaN

test mean percentage error:
    0.0586

test MSE:
   5.6105e-04

Completed creating network for: LosVaqueros
Saved ANNmodel-LosVaqueros.mat
Creating network for: Mallard
  Training network
train mean percentage error:
   NaN

train MSE:
   NaN

test mean percentage error:
    0.0309

test MSE:
   2.0659e-04

Completed creating network for: Mallard
Saved ANNmodel-Mallard.mat
Creating network for: MTZ
  Training network
train mean percentage error:
   NaN

train MSE:
   NaN

test mean percentage error:
    0.0128

test MSE:
   6.2817e-05

Completed creating network for: MTZ
Saved ANNmodel-MTZ.mat
Creating network for: Middl
  Training network
train mean percentage error:
   NaN

train MSE:
   NaN

test mean percentage error:
    0.0602

test MSE:
   7.5631e-04

Completed creating network for: Middl
Saved ANNmodel-Middl.mat
Creating network for: ORRSL
  Training network
train mean percentage error:
   NaN

train MSE:
   NaN

test mean percentage error:
    0.0824

test MSE:
   5.1760e-04

Completed creating network for: ORRSL
Saved ANNmodel-ORRSL.mat
Creating network for: Vict 
  Training network
train mean percentage error:
   NaN

train MSE:
   NaN

test mean percentage error:
    0.0492

test MSE:
   5.4015e-04

Completed creating network for: Vict 
Saved ANNmodel-Vict.mat
>> 