==========================================
SLURM_JOB_ID = 4891977
SLURM_NODELIST = c6-23
CUDA_VISIBLE_DEVICES = 
==========================================

                            < M A T L A B (R) >
                  Copyright 1984-2019 The MathWorks, Inc.
                  R2019a (9.6.0.1072779) 64-bit (glnxa64)
                               March 8, 2019

 
To get started, type doc.
For product information, visit www.mathworks.com.
 
>> >> >> >> >> >> >> >> >> >> >> >> >> >> >> >> >> >> >> >> >> >> >> >> >> >> >> >> >> >> >> >> >> >> >> >> >> >> >> >> >> >> >> >> >> >> >> >> >> >> >> >> >> >> >> >> >> >> >> >> >> >> >> >> >> >> >> >> >> >> >> >> >> >> >> >> >> >> >> >> >> >> >> >> >> >> >> >> >> >> >> >> >> >> >> >> >> >> >> >> Reading from /home/siyuqi/deep_learning/dsm2/matlab_c/ANN_data2.xlsx... 
Elapsed time is 67.378100 seconds.
Loaded input dataset size: 126 x 27393
Loaded output dataset size: 12 x 27393
0 station(s) not found in dataset
Found station Antioch in column #5 
Found station CCFB_OldR in column #12 
Found station CVP Intake in column #11 
Found station Collinsville in column #3 
Found station Emmaton in column #1 
Found station Jersey Point in column #2 
Found station LosVaqueros in column #7 
Found station Mallard in column #6 
Found station Martinez in column #8 
Found station MiddleRiver in column #9 
Found station Rock Slough in column #4 
Found station Vict Intake in column #10 
Selected input dataset size: 126 x 27393
Selected output dataset size: 12 x 27393
>> >> >> >> >> Creating output structure
Preparing output data for all locations... 
Scaling output data
a: 
   1.0e-03 *

    0.0828
    0.8116
    0.8383
    0.0654
    0.1436
    0.1886
    0.6449
    0.0490
    0.0315
    0.8864
    0.4289
    0.8154

b: 
    0.0870
    0.0160
    0.0099
    0.0886
    0.0760
    0.0673
    0.0292
    0.0918
    0.0941
   -0.0049
    0.0222
    0.0086

>> >> >> >> >> >> >>   Selecting random validation data with seed 1
>> >> >> >>   Creating validation set
>> >> >> >> >> >> >> >> >> >> >> >> >> >> >>   Validation set created
>> >> >> >> >> >> >> >> >> >> >> >> >> >> >> >> Creating network for: antioch_CCFB_CVP_intake_CO_EMM_JP_LosVaqueros_Mallard_MTZ_Middl_ORRSL_Vict_
  Training network
train mean percentage error:
   NaN
   NaN
   NaN
   NaN
   NaN
   NaN
   NaN
   NaN
   NaN
   NaN
   NaN
   NaN

train MSE:
   NaN
   NaN
   NaN
   NaN
   NaN
   NaN
   NaN
   NaN
   NaN
   NaN
   NaN
   NaN

test mean percentage error:
    0.0315
    0.0242
    0.0244
    0.0385
    0.0329
    0.0356
    0.0252
    0.0302
    0.0169
    0.0222
    0.0440
    0.0231

test MSE:
   1.0e-03 *

    0.1724
    0.1704
    0.1957
    0.2678
    0.1822
    0.2083
    0.1255
    0.1801
    0.0973
    0.1297
    0.1507
    0.1454

Completed creating network for: antioch_CCFB_CVP_intake_CO_EMM_JP_LosVaqueros_Mallard_MTZ_Middl_ORRSL_Vict_
Saved ANNmodel-antioch_CCFB_CVP_intake_CO_EMM_JP_LosVaqueros_Mallard_MTZ_Middl_ORRSL_Vict_.mat
>> >> 