layers:32 8 4
layerTypes:logsig logsig purelin
trainFunction:newff
lowScale: 0.10
highScale: 0.90
percentCal: 0.80
percentVal: 0.20


Input Data Range:

                      SAC: min=    5496.91, max=  241216.92

                      Exp: min=     795.45, max=   14585.22

                      SJR: min=    -182.10, max=   52804.62

                     DICU: min=   -7686.98, max=    3447.80

                     Vern: min=     101.33, max=     968.19

                  SF_Tide: min=       3.14, max=       9.15

                      DXC: min=       0.00, max=       1.00


Input Scaling factors:

                      SAC: a=0.00000339; b=  0.08134428;

                      Exp: a=0.00005801; b=  0.05385258;

                      SJR: a=0.00001510; b=  0.10274940;

                     DICU: a=0.00007185; b=  0.65228611;

                     Vern: a=0.00092287; b=  0.00648767;

                  SF_Tide: a=0.13309598; b= -0.31825414;

                      DXC: a=0.80000000; b=  0.10000000;


Output Scaling factors:

 Collinsville: 

 min=174.85485840, max=12411.16210938

 a=0.00006538; b=  0.08856813;


 Emmaton: 

 min=167.19689941, max=5738.88867188

 a=0.00014358; b=  0.07599337;


 Jersey Point: 

 min=173.26268005, max=4416.12597656

 a=0.00018855; b=  0.06733099;


 Rock Slough: 

 min=181.43083191, max=2046.56726074

 a=0.00042892; b=  0.02218013;

