layers:32 8 4
layerTypes:logsig logsig purelin
trainFunction:newff
lowScale: 0.10
highScale: 0.90
percentCal: 0.80
percentVal: 0.20


Input Data Range:

                      SAC: min=    5567.41, max=  224482.32

                      Exp: min=     797.75, max=   13313.94

                      SJR: min=     460.30, max=   59636.80

                     DICU: min=   -8427.30, max=    4746.18

                     Vern: min=     142.07, max=    1195.71

                  SF_Tide: min=       3.14, max=       9.15

                      DXC: min=       0.00, max=       1.00


Input Scaling factors:

                      SAC: a=0.00000365; b=  0.07965452;

                      Exp: a=0.00006392; b=  0.04900990;

                      SJR: a=0.00001352; b=  0.09377727;

                     DICU: a=0.00006073; b=  0.61177364;

                     Vern: a=0.00075927; b= -0.00787309;

                  SF_Tide: a=0.13309598; b= -0.31825414;

                      DXC: a=0.80000000; b=  0.10000000;


Output Scaling factors:

 Collinsville: 

 min=174.85485840, max=12411.16210938

 a=0.00006538; b=  0.08856813;


 Emmaton: 

 min=167.19689941, max=5738.88867188

 a=0.00014358; b=  0.07599337;


 Jersey Point: 

 min=173.26268005, max=4416.12597656

 a=0.00018855; b=  0.06733099;


 Rock Slough: 

 min=181.43083191, max=2046.56726074

 a=0.00042892; b=  0.02218013;

